<?xml version="1.0" encoding="UTF-8"?>
<!-- Generated by org.testng.reporters.JUnitReportReporter -->
<testsuite hostname="sureshsir-PC" name="com.primusbank.tests.PrimusBankHybridTest" tests="1" failures="0" timestamp="28 Dec 2016 07:34:08 GMT" time="9.032" errors="0">
  <testcase name="keywordDrivenTest" time="9.032" classname="com.primusbank.tests.PrimusBankHybridTest"/>
</testsuite> <!-- com.primusbank.tests.PrimusBankHybridTest -->
