<?xml version="1.0" encoding="UTF-8"?>
<!-- Generated by org.testng.reporters.JUnitReportReporter -->
<testsuite hostname="sureshsir-PC" name="com.primusbank.tests.PrimusBankKeywordDrivenTest" tests="1" failures="0" timestamp="28 Dec 2016 07:11:34 GMT" time="5.866" errors="0">
  <testcase name="keywordDrivenTest" time="5.866" classname="com.primusbank.tests.PrimusBankKeywordDrivenTest"/>
</testsuite> <!-- com.primusbank.tests.PrimusBankKeywordDrivenTest -->
